<html>
<head>
<title>TestNG:  Test1</title>
<link href="../testng.css" rel="stylesheet" type="text/css" />
<link href="../my-testng.css" rel="stylesheet" type="text/css" />

<style type="text/css">
.log { display: none;} 
.stack-trace { display: none;} 
</style>
<script type="text/javascript">
<!--
function flip(e) {
  current = e.style.display;
  if (current == 'block') {
    e.style.display = 'none';
    return 0;
  }
  else {
    e.style.display = 'block';
    return 1;
  }
}

function toggleBox(szDivId, elem, msg1, msg2)
{
  var res = -1;  if (document.getElementById) {
    res = flip(document.getElementById(szDivId));
  }
  else if (document.all) {
    // this is the way old msie versions work
    res = flip(document.all[szDivId]);
  }
  if(elem) {
    if(res == 0) elem.innerHTML = msg1; else elem.innerHTML = msg2;
  }

}

function toggleAllBoxes() {
  if (document.getElementsByTagName) {
    d = document.getElementsByTagName('div');
    for (i = 0; i < d.length; i++) {
      if (d[i].className == 'log') {
        flip(d[i]);
      }
    }
  }
}

// -->
</script>

</head>
<body>
<h2 align='center'>Test1</h2><table border='1' align="center">
<tr>
<td>Tests passed/Failed/Skipped:</td><td>6/1/0</td>
</tr><tr>
<td>Started on:</td><td>Fri Nov 24 13:06:55 IST 2023</td>
</tr>
<tr><td>Total time:</td><td>1360 seconds (1360445 ms)</td>
</tr><tr>
<td>Included groups:</td><td></td>
</tr><tr>
<td>Excluded groups:</td><td></td>
</tr>
</table><p/>
<small><i>(Hover the method name to see the test class name)</i></small><p/>
<table width='100%' border='1' class='invocation-failed'>
<tr><td colspan='4' align='center'><b>FAILED TESTS</b></td></tr>
<tr><td><b>Test method</b></td>
<td><b>Attribute(s)</b></td>
<td width="30%"><b>Exception</b></td>
<td width="10%"><b>Time (seconds)</b></td>
<td><b>Instance</b></td>
</tr>
<tr>
<td title='com.admin.CreateHRAssistant_DeleteHRA_AgainLogin_TC_34_test.tc_34_test()'><b>tc_34_test</b><br>Test class: com.admin.CreateHRAssistant_DeleteHRA_AgainLogin_TC_34_test</td>
<td><div><pre>org.openqa.selenium.UnhandledAlertException: unexpected alert open: {Alert text : Login Successfully!!}
  (Session info: chrome=119.0.6045.160): Login Successfully!!
Build info: version: &apos;4.15.0&apos;, revision: &apos;1d14b5521b&apos;
System info: os.name: &apos;Windows 10&apos;, os.arch: &apos;amd64&apos;, os.version: &apos;10.0&apos;, java.version: &apos;17.0.9&apos;
Driver info: org.openqa.selenium.chrome.ChromeDriver
Command: [cc7e97a0c6052216e93ac40f903b4ec6, screenshot {}]
Capabilities {acceptInsecureCerts: false, browserName: chrome, browserVersion: 119.0.6045.160, chrome: {chromedriverVersion: 119.0.6045.105 (38c72552c5e..., userDataDir: C:\Users\HP\AppData\Local\T...}, fedcm:accounts: true, goog:chromeOptions: {debuggerAddress: localhost:55830}, networkConnectionEnabled: false, pageLoadStrategy: normal, platformName: windows, proxy: Proxy(), se:cdp: ws://localhost:55830/devtoo..., se:cdpVersion: 119.0.6045.160, setWindowRect: true, strictFileInteractability: false, timeouts: {implicit: 0, pageLoad: 300000, script: 30000}, unhandledPromptBehavior: dismiss and notify, webauthn:extension:credBlob: true, webauthn:extension:largeBlob: true, webauthn:extension:minPinLength: true, webauthn:extension:prf: true, webauthn:virtualAuthenticators: true}
Session ID: cc7e97a0c6052216e93ac40f903b4ec6
	at org.openqa.selenium.remote.codec.w3c.W3CHttpResponseCodec.decode(W3CHttpResponseCodec.java:131)
	at org.openqa.selenium.remote.codec.w3c.W3CHttpResponseCodec.decode(W3CHttpResponseCodec.java:52)
	at org.openqa.selenium.remote.HttpCommandExecutor.execute(HttpCommandExecutor.java:191)
	at org.openqa.selenium.remote.service.DriverCommandExecutor.invokeExecute(DriverCommandExecutor.java:200)
	at org.openqa.selenium.remote.service.DriverCommandExecutor.execute(DriverCommandExecutor.java:175)
	at org.openqa.selenium.remote.RemoteWebDriver.execute(RemoteWebDriver.java:607)
	at org.openqa.selenium.remote.RemoteWebDriver.execute(RemoteWebDriver.java:680)
	at org.openqa.selenium.remote.RemoteWebDriver.execute(RemoteWebDriver.java:684)
	at org.openqa.selenium.remote.RemoteWebDriver.getScreenshotAs(RemoteWebDriver.java:330)
	at com.hrm.genericutils.WebDriverUtils.getScreenShot(WebDriverUtils.java:377)
	at com.hrm.genericutils.ListenerImplementationClass.onTestFailure(ListenerImplementationClass.java:40)
	at java.base/java.util.ArrayList.forEach(ArrayList.java:1511)
	at java.base/java.util.concurrent.FutureTask.run(FutureTask.java:264)
	at java.base/java.util.concurrent.ThreadPoolExecutor.runWorker(ThreadPoolExecutor.java:1136)
	at java.base/java.util.concurrent.ThreadPoolExecutor$Worker.run(ThreadPoolExecutor.java:635)
	at java.base/java.lang.Thread.run(Thread.java:840)
... Removed 14 stack frames</pre></div><a href='#' onClick='toggleBox("stack-trace1054636840", this, "Click to show all stack frames", "Click to hide stack frames")'>Click to show all stack frames</a>
<div class='stack-trace' id='stack-trace1054636840'><pre>org.openqa.selenium.UnhandledAlertException: unexpected alert open: {Alert text : Login Successfully!!}
  (Session info: chrome=119.0.6045.160): Login Successfully!!
Build info: version: &apos;4.15.0&apos;, revision: &apos;1d14b5521b&apos;
System info: os.name: &apos;Windows 10&apos;, os.arch: &apos;amd64&apos;, os.version: &apos;10.0&apos;, java.version: &apos;17.0.9&apos;
Driver info: org.openqa.selenium.chrome.ChromeDriver
Command: [cc7e97a0c6052216e93ac40f903b4ec6, screenshot {}]
Capabilities {acceptInsecureCerts: false, browserName: chrome, browserVersion: 119.0.6045.160, chrome: {chromedriverVersion: 119.0.6045.105 (38c72552c5e..., userDataDir: C:\Users\HP\AppData\Local\T...}, fedcm:accounts: true, goog:chromeOptions: {debuggerAddress: localhost:55830}, networkConnectionEnabled: false, pageLoadStrategy: normal, platformName: windows, proxy: Proxy(), se:cdp: ws://localhost:55830/devtoo..., se:cdpVersion: 119.0.6045.160, setWindowRect: true, strictFileInteractability: false, timeouts: {implicit: 0, pageLoad: 300000, script: 30000}, unhandledPromptBehavior: dismiss and notify, webauthn:extension:credBlob: true, webauthn:extension:largeBlob: true, webauthn:extension:minPinLength: true, webauthn:extension:prf: true, webauthn:virtualAuthenticators: true}
Session ID: cc7e97a0c6052216e93ac40f903b4ec6
	at org.openqa.selenium.remote.codec.w3c.W3CHttpResponseCodec.decode(W3CHttpResponseCodec.java:131)
	at org.openqa.selenium.remote.codec.w3c.W3CHttpResponseCodec.decode(W3CHttpResponseCodec.java:52)
	at org.openqa.selenium.remote.HttpCommandExecutor.execute(HttpCommandExecutor.java:191)
	at org.openqa.selenium.remote.service.DriverCommandExecutor.invokeExecute(DriverCommandExecutor.java:200)
	at org.openqa.selenium.remote.service.DriverCommandExecutor.execute(DriverCommandExecutor.java:175)
	at org.openqa.selenium.remote.RemoteWebDriver.execute(RemoteWebDriver.java:607)
	at org.openqa.selenium.remote.RemoteWebDriver.execute(RemoteWebDriver.java:680)
	at org.openqa.selenium.remote.RemoteWebDriver.execute(RemoteWebDriver.java:684)
	at org.openqa.selenium.remote.RemoteWebDriver.getScreenshotAs(RemoteWebDriver.java:330)
	at com.hrm.genericutils.WebDriverUtils.getScreenShot(WebDriverUtils.java:377)
	at com.hrm.genericutils.ListenerImplementationClass.onTestFailure(ListenerImplementationClass.java:40)
	at org.testng.internal.TestListenerHelper.runTestListeners(TestListenerHelper.java:99)
	at org.testng.internal.invokers.TestInvoker.runTestResultListener(TestInvoker.java:277)
	at org.testng.internal.invokers.TestInvoker.invokeMethod(TestInvoker.java:764)
	at org.testng.internal.invokers.TestInvoker.invokeTestMethod(TestInvoker.java:221)
	at org.testng.internal.invokers.MethodRunner.runInSequence(MethodRunner.java:50)
	at org.testng.internal.invokers.TestInvoker$MethodInvocationAgent.invoke(TestInvoker.java:969)
	at org.testng.internal.invokers.TestInvoker.invokeTestMethods(TestInvoker.java:194)
	at org.testng.internal.invokers.TestMethodWorker.invokeTestMethods(TestMethodWorker.java:148)
	at org.testng.internal.invokers.TestMethodWorker.run(TestMethodWorker.java:128)
	at java.base/java.util.ArrayList.forEach(ArrayList.java:1511)
	at org.testng.TestRunner.privateRun(TestRunner.java:829)
	at org.testng.TestRunner.run(TestRunner.java:602)
	at org.testng.SuiteRunner.runTest(SuiteRunner.java:437)
	at org.testng.SuiteRunner$SuiteWorker.run(SuiteRunner.java:475)
	at org.testng.internal.thread.ThreadUtil.lambda$execute$0(ThreadUtil.java:58)
	at java.base/java.util.concurrent.FutureTask.run(FutureTask.java:264)
	at java.base/java.util.concurrent.ThreadPoolExecutor.runWorker(ThreadPoolExecutor.java:1136)
	at java.base/java.util.concurrent.ThreadPoolExecutor$Worker.run(ThreadPoolExecutor.java:635)
	at java.base/java.lang.Thread.run(Thread.java:840)
</pre></div></td>
<td>30</td>
<td>com.admin.CreateHRAssistant_DeleteHRA_AgainLogin_TC_34_test@6892b3b6</td></tr>
</table><p>
<table width='100%' border='1' class='invocation-passed'>
<tr><td colspan='4' align='center'><b>PASSED TESTS</b></td></tr>
<tr><td><b>Test method</b></td>
<td><b>Attribute(s)</b></td>
<td width="30%"><b>Exception</b></td>
<td width="10%"><b>Time (seconds)</b></td>
<td><b>Instance</b></td>
</tr>
<tr>
<td title='com.admin.AddEmployeeHRH_Check_Employee_FromHRO_TC_54_test.tc_54_test()'><b>tc_54_test</b><br>Test class: com.admin.AddEmployeeHRH_Check_Employee_FromHRO_TC_54_test<br/>
<a href="#Output-563942620" onClick='toggleBox("Output-563942620", this, "Show output", "Hide output");'>Show output</a>

<a href="#Output-563942620" onClick="toggleAllBoxes();">Show all outputs</a>
<div class='log' id="Output-563942620">
tc_54_test---Testscript execution starts from here---<br/>
tc_54_test---Testscript excuted successfully---<br/>
</div>
</td>
<td></td>
<td>228</td>
<td>com.admin.AddEmployeeHRH_Check_Employee_FromHRO_TC_54_test@1ed4ae0f</td></tr>
<tr>
<td title='com.hrassistant.EditEmployee_FromHRA_CheckFromHRH_TC_24_test.tc_24_test()'><b>tc_24_test</b><br>Test class: com.hrassistant.EditEmployee_FromHRA_CheckFromHRH_TC_24_test<br/>
<a href="#Output-1781994674" onClick='toggleBox("Output-1781994674", this, "Show output", "Hide output");'>Show output</a>

<a href="#Output-1781994674" onClick="toggleAllBoxes();">Show all outputs</a>
<div class='log' id="Output-1781994674">
tc_24_test---Testscript execution starts from here---<br/>
tc_24_test---Testscript excuted successfully---<br/>
</div>
</td>
<td></td>
<td>286</td>
<td>com.hrassistant.EditEmployee_FromHRA_CheckFromHRH_TC_24_test@6d4d66d2</td></tr>
<tr>
<td title='com.hrofficer.HrOfficerLogin_TC_02_test.tc_02_test()'><b>tc_02_test</b><br>Test class: com.hrofficer.HrOfficerLogin_TC_02_test<br/>
<a href="#Output-1101405457" onClick='toggleBox("Output-1101405457", this, "Show output", "Hide output");'>Show output</a>

<a href="#Output-1101405457" onClick="toggleAllBoxes();">Show all outputs</a>
<div class='log' id="Output-1101405457">
tc_02_test---Testscript execution starts from here---<br/>
tc_02_test---Testscript excuted successfully---<br/>
</div>
</td>
<td></td>
<td>2</td>
<td>com.hrofficer.HrOfficerLogin_TC_02_test@7526515b</td></tr>
<tr>
<td title='com.hrofficer.DeleteEmployee_FromHRO_Check_Employee_KPI_TC_09_test.tc_09_test()'><b>tc_09_test</b><br>Test class: com.hrofficer.DeleteEmployee_FromHRO_Check_Employee_KPI_TC_09_test<br/>
<a href="#Output-2134716458" onClick='toggleBox("Output-2134716458", this, "Show output", "Hide output");'>Show output</a>

<a href="#Output-2134716458" onClick="toggleAllBoxes();">Show all outputs</a>
<div class='log' id="Output-2134716458">
tc_09_test---Testscript execution starts from here---<br/>
tc_09_test---Testscript excuted successfully---<br/>
</div>
</td>
<td></td>
<td>225</td>
<td>com.hrofficer.DeleteEmployee_FromHRO_Check_Employee_KPI_TC_09_test@54c5a2ff</td></tr>
<tr>
<td title='com.admin.AddEmployee_TC_01_test.tc_01_test()'><b>tc_01_test</b><br>Test class: com.admin.AddEmployee_TC_01_test<br/>
<a href="#Output-1250380058" onClick='toggleBox("Output-1250380058", this, "Show output", "Hide output");'>Show output</a>

<a href="#Output-1250380058" onClick="toggleAllBoxes();">Show all outputs</a>
<div class='log' id="Output-1250380058">
tc_01_test---Testscript execution starts from here---<br/>
tc_01_test---Testscript excuted successfully---<br/>
</div>
</td>
<td></td>
<td>253</td>
<td>com.admin.AddEmployee_TC_01_test@2ddc9a9f</td></tr>
<tr>
<td title='com.admin.CreateHRHead_DowngradeTo_HROfficer_AddEmployee_TC_31.tc_31_test()'><b>tc_31_test</b><br>Test class: com.admin.CreateHRHead_DowngradeTo_HROfficer_AddEmployee_TC_31<br/>
<a href="#Output-484800632" onClick='toggleBox("Output-484800632", this, "Show output", "Hide output");'>Show output</a>

<a href="#Output-484800632" onClick="toggleAllBoxes();">Show all outputs</a>
<div class='log' id="Output-484800632">
tc_31_test---Testscript execution starts from here---<br/>
tc_31_test---Testscript excuted successfully---<br/>
</div>
</td>
<td></td>
<td>316</td>
<td>com.admin.CreateHRHead_DowngradeTo_HROfficer_AddEmployee_TC_31@11392934</td></tr>
</table><p>
</body>
</html>